<?xml version="1.0" encoding="UTF-8"?>
<!-- Generated by org.testng.reporters.JUnitReportReporter -->
<testsuite skipped="0" hostname="DESKTOP-74O6H1L" name="ParallelTextExecutionClass.ParallelTextExecutionClass2" tests="2" failures="0" timestamp="2021-12-10T13:35:17 IST" time="0.016" errors="0">
  <testcase name="testCase6" time="0.000" classname="ParallelTextExecutionClass.ParallelTextExecutionClass2"/>
  <system-out/>
  <testcase name="testCase5" time="0.016" classname="ParallelTextExecutionClass.ParallelTextExecutionClass2"/>
  <system-out/>
</testsuite> <!-- ParallelTextExecutionClass.ParallelTextExecutionClass2 -->
