<?xml version="1.0" encoding="UTF-8"?>
<!-- Generated by org.testng.reporters.JUnitReportReporter -->
<testsuite skipped="0" hostname="DESKTOP-74O6H1L" name="BeforeSuitAfterSuitsDemo.BeforeSuitAfterSuitDemo" tests="3" failures="0" timestamp="2021-12-09T23:47:51 IST" time="0.016" errors="0">
  <testcase name="abcd" time="0.016" classname="BeforeSuitAfterSuitsDemo.BeforeSuitAfterSuitDemo"/>
  <system-out/>
  <testcase name="verifyTitle" time="0.000" classname="BeforeSuitAfterSuitsDemo.BeforeSuitAfterSuitDemo"/>
  <system-out/>
  <testcase name="abc" time="0.000" classname="BeforeSuitAfterSuitsDemo.BeforeSuitAfterSuitDemo"/>
  <system-out/>
</testsuite> <!-- BeforeSuitAfterSuitsDemo.BeforeSuitAfterSuitDemo -->
