<?xml version="1.0" encoding="UTF-8"?>
<!-- Generated by org.testng.reporters.JUnitReportReporter -->
<testsuite skipped="0" hostname="DESKTOP-74O6H1L" name="BeforeTestAfterTestdemo.BeforeTestAfterTestdemo" tests="3" failures="0" timestamp="2021-12-09T23:46:00 IST" time="0.016" errors="0">
  <testcase name="abcd" time="0.000" classname="BeforeTestAfterTestdemo.BeforeTestAfterTestdemo"/>
  <system-out/>
  <testcase name="verifyTitle" time="0.000" classname="BeforeTestAfterTestdemo.BeforeTestAfterTestdemo"/>
  <system-out/>
  <testcase name="abc" time="0.016" classname="BeforeTestAfterTestdemo.BeforeTestAfterTestdemo"/>
  <system-out/>
</testsuite> <!-- BeforeTestAfterTestdemo.BeforeTestAfterTestdemo -->
