<?xml version="1.0" encoding="UTF-8"?>
<!-- Generated by org.testng.reporters.JUnitReportReporter -->
<testsuite skipped="0" hostname="DESKTOP-74O6H1L" name="InvocationCount.InvocationCount" tests="5" failures="0" timestamp="2021-12-10T00:08:14 IST" time="0.015" errors="0">
  <testcase name="test1" time="0.000" classname="InvocationCount.InvocationCount"/>
  <system-out/>
  <testcase name="test1" time="0.000" classname="InvocationCount.InvocationCount"/>
  <system-out/>
  <testcase name="test1" time="0.015" classname="InvocationCount.InvocationCount"/>
  <system-out/>
  <testcase name="test1" time="0.000" classname="InvocationCount.InvocationCount"/>
  <system-out/>
  <testcase name="test1" time="0.000" classname="InvocationCount.InvocationCount"/>
  <system-out/>
</testsuite> <!-- InvocationCount.InvocationCount -->
