<?xml version="1.0" encoding="UTF-8"?>
<!-- Generated by org.testng.reporters.JUnitReportReporter -->
<testsuite skipped="0" hostname="DESKTOP-74O6H1L" name="BeforeClassAfterClass.BeforeClassAfterClass" tests="3" failures="0" timestamp="2021-12-09T23:41:18 IST" time="0.000" errors="0">
  <testcase name="addVendor" time="0.000" classname="BeforeClassAfterClass.BeforeClassAfterClass"/>
  <system-out/>
  <testcase name="addProduct" time="0.000" classname="BeforeClassAfterClass.BeforeClassAfterClass"/>
  <system-out/>
  <testcase name="addCurrency" time="0.000" classname="BeforeClassAfterClass.BeforeClassAfterClass"/>
  <system-out/>
</testsuite> <!-- BeforeClassAfterClass.BeforeClassAfterClass -->
