<?xml version="1.0" encoding="UTF-8"?>
<!-- Generated by org.testng.reporters.JUnitReportReporter -->
<testsuite skipped="0" hostname="DESKTOP-74O6H1L" name="ParallelTestExecutionMethod.ParallelTestExecutionMethod" tests="4" failures="0" timestamp="2021-12-10T13:31:52 IST" time="0.055" errors="0">
  <testcase name="testCase4" time="0.000" classname="ParallelTestExecutionMethod.ParallelTestExecutionMethod"/>
  <system-out/>
  <testcase name="testCase3" time="0.016" classname="ParallelTestExecutionMethod.ParallelTestExecutionMethod"/>
  <system-out/>
  <testcase name="testCase2" time="0.016" classname="ParallelTestExecutionMethod.ParallelTestExecutionMethod"/>
  <system-out/>
  <testcase name="testCase1" time="0.023" classname="ParallelTestExecutionMethod.ParallelTestExecutionMethod"/>
  <system-out/>
</testsuite> <!-- ParallelTestExecutionMethod.ParallelTestExecutionMethod -->
