<?xml version="1.0" encoding="UTF-8"?>
<!-- Generated by org.testng.reporters.JUnitReportReporter -->
<testsuite skipped="0" hostname="DESKTOP-74O6H1L" name="GroppingTestCase.GroppingTestCase" tests="4" failures="0" timestamp="2021-12-10T13:39:03 IST" time="0.000" errors="0">
  <testcase name="login" time="0.000" classname="GroppingTestCase.GroppingTestCase"/>
  <system-out/>
  <testcase name="search" time="0.000" classname="GroppingTestCase.GroppingTestCase"/>
  <system-out/>
  <testcase name="prepaidRecharge" time="0.000" classname="GroppingTestCase.GroppingTestCase"/>
  <system-out/>
  <testcase name="logout" time="0.000" classname="GroppingTestCase.GroppingTestCase"/>
  <system-out/>
</testsuite> <!-- GroppingTestCase.GroppingTestCase -->
